<?xml version="1.0" encoding="UTF-8"?>
<!-- Generated by org.testng.reporters.JUnitReportReporter -->
<testsuite hostname="Sanja-PC" failures="0" tests="1" name="endava.ValidateNavigatonBar" time="0.152" errors="0" timestamp="2020-01-05T02:08:10 CET" skipped="0">
  <testcase classname="endava.ValidateNavigatonBar" name="testTitleValidation" time="0.152"/>
  <system-out/>
</testsuite> <!-- endava.ValidateNavigatonBar -->
