<?xml version="1.0" encoding="UTF-8"?>
<!-- Generated by org.testng.reporters.JUnitReportReporter -->
<testsuite hostname="Sanja-PC" failures="0" tests="2" name="endava.HomePage" time="22.294" errors="0" timestamp="2020-01-05T02:08:10 CET" skipped="0">
  <testcase classname="endava.HomePage" name="testForSystemPropBrowsers" time="10.883"/>
  <system-out/>
  <testcase classname="endava.HomePage" name="testForSystemPropBrowsers" time="11.411"/>
  <system-out/>
</testsuite> <!-- endava.HomePage -->
