<?xml version="1.0" encoding="UTF-8"?>
<!-- Generated by org.testng.reporters.JUnitReportReporter -->
<testsuite skipped="0" hostname="Sanja-PC" name="endava.ValidateNavigatonBar" tests="1" failures="0" timestamp="2020-01-12T23:37:59 CET" time="0.127" errors="0">
  <testcase name="testValidateNavigatonBar" time="0.127" classname="endava.ValidateNavigatonBar"/>
  <system-out/>
</testsuite> <!-- endava.ValidateNavigatonBar -->
