<?xml version="1.0" encoding="UTF-8"?>
<!-- Generated by org.testng.reporters.JUnitReportReporter -->
<testsuite skipped="0" hostname="Sanja-PC" name="endava.ValidateTitle" tests="2" failures="0" timestamp="2020-01-12T23:37:59 CET" time="0.115" errors="0">
  <testcase name="testValidateHeader" time="0.039" classname="endava.ValidateTitle"/>
  <system-out/>
  <testcase name="testTitleValidationHeader" time="0.076" classname="endava.ValidateTitle"/>
  <system-out/>
</testsuite> <!-- endava.ValidateTitle -->
