<?xml version="1.0" encoding="UTF-8"?>
<!-- Generated by org.testng.reporters.JUnitReportReporter -->
<testsuite skipped="0" hostname="Sanja-PC" name="endava.HomePage" tests="2" failures="0" timestamp="2020-01-12T23:37:59 CET" time="23.126" errors="0">
  <testcase name="testHomePage" time="13.395" classname="endava.HomePage"/>
  <system-out/>
  <testcase name="testHomePage" time="9.731" classname="endava.HomePage"/>
  <system-out/>
</testsuite> <!-- endava.HomePage -->
